This file contains any messages produced by compilers while
running configure, to aid debugging if configure makes a mistake.

It was created by snappy configure 1.1.2, which was
generated by GNU Autoconf 2.69.  Invocation command line was

  $ ./configure 

## --------- ##
## Platform. ##
## --------- ##

hostname = Unknown.local
uname -m = x86_64
uname -r = 14.0.0
uname -s = Darwin
uname -v = Darwin Kernel Version 14.0.0: Fri Sep 19 00:26:44 PDT 2014; root:xnu-2782.1.97~2/RELEASE_X86_64

/usr/bin/uname -p = i386
/bin/uname -X     = unknown

/bin/arch              = unknown
/usr/bin/arch -k       = unknown
/usr/convex/getsysinfo = unknown
/usr/bin/hostinfo      = Mach kernel version:
	 Darwin Kernel Version 14.0.0: Fri Sep 19 00:26:44 PDT 2014; root:xnu-2782.1.97~2/RELEASE_X86_64
Kernel configured for up to 2 processors.
2 processors are physically available.
2 processors are logically available.
Processor type: i486 (Intel 80486)
Processors active: 0 1
Primary memory available: 8.00 gigabytes
Default processor set: 266 tasks, 1032 threads, 2 processors
Load average: 2.73, Mach factor: 0.52
/bin/machine           = unknown
/usr/bin/oslevel       = unknown
/bin/universe          = unknown

PATH: /Volumes/MacintoshHD/Users/riceball/.rvm/gems/ruby-1.9.3-p194/bin
PATH: /Volumes/MacintoshHD/Users/riceball/.rvm/gems/ruby-1.9.3-p194@global/bin
PATH: /Volumes/MacintoshHD/Users/riceball/.rvm/rubies/ruby-1.9.3-p194/bin
PATH: /Volumes/MacintoshHD/Users/riceball/.rvm/bin
PATH: /usr/local/heroku/bin
PATH: /Volumes/MacintoshHD/Users/lixueyu/trac/mywork/hybird/cocos2d-x/tools/cocos2d-console/bin
PATH: /Volumes/MacintoshHD/Users/lixueyu/trac/mywork/hybird/phonegap/libs/senchaTouch-2.3.1/bin/Sencha/Cmd/4.0.2.67
PATH: /opt/local/bin
PATH: /opt/local/sbin
PATH: /usr/local/sbin
PATH: /opt/local/bin
PATH: /usr/local/bin
PATH: /usr/bin
PATH: /bin
PATH: /usr/sbin
PATH: /sbin
PATH: /opt/X11/bin
PATH: /Applications/livelykernel-scripts.app/Contents/Resources/livelykernel-scripts/bin
PATH: /Volumes/MacintoshHD/Users/riceball/.rvm/bin
PATH: /Volumes/MacintoshHD/Users/riceball/.rvm/bin


## ----------- ##
## Core tests. ##
## ----------- ##

configure:2602: checking for a BSD-compatible install
configure:2670: result: /usr/bin/install -c
configure:2681: checking whether build environment is sane
configure:2736: result: yes
configure:2887: checking for a thread-safe mkdir -p
configure:2926: result: ./install-sh -c -d
configure:2933: checking for gawk
configure:2963: result: no
configure:2933: checking for mawk
configure:2963: result: no
configure:2933: checking for nawk
configure:2963: result: no
configure:2933: checking for awk
configure:2949: found /usr/bin/awk
configure:2960: result: awk
configure:2971: checking whether make sets $(MAKE)
configure:2993: result: yes
configure:3022: checking whether make supports nested variables
configure:3039: result: yes
configure:3194: checking build system type
configure:3208: result: x86_64-apple-darwin14.0.0
configure:3228: checking host system type
configure:3241: result: x86_64-apple-darwin14.0.0
configure:3282: checking how to print strings
configure:3309: result: printf
configure:3342: checking for style of include used by make
configure:3370: result: GNU
configure:3441: checking for gcc
configure:3457: found /usr/bin/gcc
configure:3468: result: gcc
configure:3697: checking for C compiler version
configure:3706: gcc --version >&5
Apple LLVM version 6.0 (clang-600.0.54) (based on LLVM 3.5svn)
Target: x86_64-apple-darwin14.0.0
Thread model: posix
Configured with: --prefix=/Applications/Xcode.app/Contents/Developer/usr --with-gxx-include-dir=/Applications/Xcode.app/Contents/Developer/Platforms/MacOSX.platform/Developer/SDKs/MacOSX10.10.sdk/usr/include/c++/4.2.1
configure:3717: $? = 0
configure:3706: gcc -v >&5
Configured with: --prefix=/Applications/Xcode.app/Contents/Developer/usr --with-gxx-include-dir=/Applications/Xcode.app/Contents/Developer/Platforms/MacOSX.platform/Developer/SDKs/MacOSX10.10.sdk/usr/include/c++/4.2.1
Apple LLVM version 6.0 (clang-600.0.54) (based on LLVM 3.5svn)
Target: x86_64-apple-darwin14.0.0
Thread model: posix
configure:3717: $? = 0
configure:3706: gcc -V >&5
clang: error: argument to '-V' is missing (expected 1 value)
clang: error: no input files
configure:3717: $? = 1
configure:3706: gcc -qversion >&5
clang: error: unknown argument: '-qversion'
clang: error: no input files
configure:3717: $? = 1
configure:3737: checking whether the C compiler works
configure:3759: gcc   -L/usr/local/lib conftest.c  >&5
configure:3763: $? = 0
configure:3811: result: yes
configure:3814: checking for C compiler default output file name
configure:3816: result: a.out
configure:3822: checking for suffix of executables
configure:3829: gcc -o conftest   -L/usr/local/lib conftest.c  >&5
configure:3833: $? = 0
configure:3855: result: 
configure:3877: checking whether we are cross compiling
configure:3885: gcc -o conftest   -L/usr/local/lib conftest.c  >&5
configure:3889: $? = 0
configure:3896: ./conftest
configure:3900: $? = 0
configure:3915: result: no
configure:3920: checking for suffix of object files
configure:3942: gcc -c   conftest.c >&5
configure:3946: $? = 0
configure:3967: result: o
configure:3971: checking whether we are using the GNU C compiler
configure:3990: gcc -c   conftest.c >&5
configure:3990: $? = 0
configure:3999: result: yes
configure:4008: checking whether gcc accepts -g
configure:4028: gcc -c -g  conftest.c >&5
configure:4028: $? = 0
configure:4069: result: yes
configure:4086: checking for gcc option to accept ISO C89
configure:4149: gcc  -c -g -O2  conftest.c >&5
configure:4149: $? = 0
configure:4162: result: none needed
configure:4187: checking whether gcc understands -c and -o together
configure:4209: gcc -c conftest.c -o conftest2.o
configure:4212: $? = 0
configure:4209: gcc -c conftest.c -o conftest2.o
configure:4212: $? = 0
configure:4224: result: yes
configure:4243: checking dependency style of gcc
configure:4354: result: gcc3
configure:4369: checking for a sed that does not truncate output
configure:4433: result: /usr/bin/sed
configure:4451: checking for grep that handles long lines and -e
configure:4509: result: /usr/bin/grep
configure:4514: checking for egrep
configure:4576: result: /usr/bin/grep -E
configure:4581: checking for fgrep
configure:4643: result: /usr/bin/grep -F
configure:4678: checking for ld used by gcc
configure:4745: result: /Applications/Xcode.app/Contents/Developer/Toolchains/XcodeDefault.xctoolchain/usr/bin/ld
configure:4752: checking if the linker (/Applications/Xcode.app/Contents/Developer/Toolchains/XcodeDefault.xctoolchain/usr/bin/ld) is GNU ld
configure:4767: result: no
configure:4779: checking for BSD- or MS-compatible name lister (nm)
configure:4828: result: /usr/bin/nm
configure:4958: checking the name lister (/usr/bin/nm) interface
configure:4965: gcc -c -g -O2  conftest.c >&5
configure:4968: /usr/bin/nm "conftest.o"
configure:4971: output
0000000000000254 S _some_variable
configure:4978: result: BSD nm
configure:4981: checking whether ln -s works
configure:4985: result: yes
configure:4993: checking the maximum length of command line arguments
configure:5123: result: 196608
configure:5140: checking whether the shell understands some XSI constructs
configure:5150: result: yes
configure:5154: checking whether the shell understands "+="
configure:5160: result: yes
configure:5195: checking how to convert x86_64-apple-darwin14.0.0 file names to x86_64-apple-darwin14.0.0 format
configure:5235: result: func_convert_file_noop
configure:5242: checking how to convert x86_64-apple-darwin14.0.0 file names to toolchain format
configure:5262: result: func_convert_file_noop
configure:5269: checking for /Applications/Xcode.app/Contents/Developer/Toolchains/XcodeDefault.xctoolchain/usr/bin/ld option to reload object files
configure:5276: result: -r
configure:5350: checking for objdump
configure:5380: result: no
configure:5409: checking how to recognize dependent libraries
configure:5611: result: pass_all
configure:5696: checking for dlltool
configure:5726: result: no
configure:5756: checking how to associate runtime and link libraries
configure:5783: result: printf %s\n
configure:5844: checking for ar
configure:5860: found /usr/bin/ar
configure:5871: result: ar
configure:5908: checking for archiver @FILE support
configure:5925: gcc -c -g -O2  conftest.c >&5
configure:5925: $? = 0
configure:5928: ar cru libconftest.a @conftest.lst >&5
ar: @conftest.lst: No such file or directory
configure:5931: $? = 1
configure:5951: result: no
configure:6009: checking for strip
configure:6025: found /usr/bin/strip
configure:6036: result: strip
configure:6108: checking for ranlib
configure:6124: found /usr/bin/ranlib
configure:6135: result: ranlib
configure:6237: checking command to parse /usr/bin/nm output from gcc object
configure:6357: gcc -c -g -O2  conftest.c >&5
configure:6360: $? = 0
configure:6364: /usr/bin/nm conftest.o \| sed -n -e 's/^.*[ ]\([BCDEGRST][BCDEGRST]*\)[ ][ ]*\([_A-Za-z][_A-Za-z0-9]*\)$/\1 \2 \2/p' | sed '/ __gnu_lto/d' \> conftest.nm
configure:6367: $? = 0
cannot find nm_test_var in conftest.nm
configure:6357: gcc -c -g -O2  conftest.c >&5
configure:6360: $? = 0
configure:6364: /usr/bin/nm conftest.o \| sed -n -e 's/^.*[ ]\([BCDEGRST][BCDEGRST]*\)[ ][ ]*_\([_A-Za-z][_A-Za-z0-9]*\)$/\1 _\2 \2/p' | sed '/ __gnu_lto/d' \> conftest.nm
configure:6367: $? = 0
configure:6433: gcc -o conftest -g -O2  -L/usr/local/lib conftest.c conftstm.o >&5
configure:6436: $? = 0
configure:6474: result: ok
configure:6511: checking for sysroot
configure:6541: result: no
configure:6797: checking for mt
configure:6827: result: no
configure:6847: checking if : is a manifest tool
configure:6853: : '-?'
configure:6861: result: no
configure:6917: checking for dsymutil
configure:6933: found /usr/bin/dsymutil
configure:6944: result: dsymutil
configure:7009: checking for nmedit
configure:7025: found /usr/bin/nmedit
configure:7036: result: nmedit
configure:7101: checking for lipo
configure:7117: found /usr/bin/lipo
configure:7128: result: lipo
configure:7193: checking for otool
configure:7209: found /usr/bin/otool
configure:7220: result: otool
configure:7285: checking for otool64
configure:7315: result: no
configure:7360: checking for -single_module linker flag
gcc -g -O2 -L/usr/local/lib -o libconftest.dylib -dynamiclib -Wl,-single_module conftest.c
configure:7393: result: yes
configure:7396: checking for -exported_symbols_list linker flag
configure:7416: gcc -o conftest -g -O2  -L/usr/local/lib -Wl,-exported_symbols_list,conftest.sym conftest.c  >&5
configure:7416: $? = 0
configure:7426: result: yes
configure:7429: checking for -force_load linker flag
gcc -g -O2 -c -o conftest.o conftest.c
ar cru libconftest.a conftest.o
ranlib libconftest.a
gcc -g -O2 -L/usr/local/lib -o conftest conftest.c -Wl,-force_load,./libconftest.a
configure:7461: result: yes
configure:7503: checking how to run the C preprocessor
configure:7534: gcc -E  conftest.c
configure:7534: $? = 0
configure:7548: gcc -E  conftest.c
conftest.c:11:10: fatal error: 'ac_nonexistent.h' file not found
#include <ac_nonexistent.h>
         ^
1 error generated.
configure:7548: $? = 1
configure: failed program was:
| /* confdefs.h */
| #define PACKAGE_NAME "snappy"
| #define PACKAGE_TARNAME "snappy"
| #define PACKAGE_VERSION "1.1.2"
| #define PACKAGE_STRING "snappy 1.1.2"
| #define PACKAGE_BUGREPORT ""
| #define PACKAGE_URL ""
| #define PACKAGE "snappy"
| #define VERSION "1.1.2"
| /* end confdefs.h.  */
| #include <ac_nonexistent.h>
configure:7573: result: gcc -E
configure:7593: gcc -E  conftest.c
configure:7593: $? = 0
configure:7607: gcc -E  conftest.c
conftest.c:11:10: fatal error: 'ac_nonexistent.h' file not found
#include <ac_nonexistent.h>
         ^
1 error generated.
configure:7607: $? = 1
configure: failed program was:
| /* confdefs.h */
| #define PACKAGE_NAME "snappy"
| #define PACKAGE_TARNAME "snappy"
| #define PACKAGE_VERSION "1.1.2"
| #define PACKAGE_STRING "snappy 1.1.2"
| #define PACKAGE_BUGREPORT ""
| #define PACKAGE_URL ""
| #define PACKAGE "snappy"
| #define VERSION "1.1.2"
| /* end confdefs.h.  */
| #include <ac_nonexistent.h>
configure:7636: checking for ANSI C header files
configure:7656: gcc -c -g -O2  conftest.c >&5
configure:7656: $? = 0
configure:7729: gcc -o conftest -g -O2  -L/usr/local/lib conftest.c  >&5
configure:7729: $? = 0
configure:7729: ./conftest
configure:7729: $? = 0
configure:7740: result: yes
configure:7753: checking for sys/types.h
configure:7753: gcc -c -g -O2  conftest.c >&5
configure:7753: $? = 0
configure:7753: result: yes
configure:7753: checking for sys/stat.h
configure:7753: gcc -c -g -O2  conftest.c >&5
configure:7753: $? = 0
configure:7753: result: yes
configure:7753: checking for stdlib.h
configure:7753: gcc -c -g -O2  conftest.c >&5
configure:7753: $? = 0
configure:7753: result: yes
configure:7753: checking for string.h
configure:7753: gcc -c -g -O2  conftest.c >&5
configure:7753: $? = 0
configure:7753: result: yes
configure:7753: checking for memory.h
configure:7753: gcc -c -g -O2  conftest.c >&5
configure:7753: $? = 0
configure:7753: result: yes
configure:7753: checking for strings.h
configure:7753: gcc -c -g -O2  conftest.c >&5
configure:7753: $? = 0
configure:7753: result: yes
configure:7753: checking for inttypes.h
configure:7753: gcc -c -g -O2  conftest.c >&5
configure:7753: $? = 0
configure:7753: result: yes
configure:7753: checking for stdint.h
configure:7753: gcc -c -g -O2  conftest.c >&5
configure:7753: $? = 0
configure:7753: result: yes
configure:7753: checking for unistd.h
configure:7753: gcc -c -g -O2  conftest.c >&5
configure:7753: $? = 0
configure:7753: result: yes
configure:7767: checking for dlfcn.h
configure:7767: gcc -c -g -O2  conftest.c >&5
configure:7767: $? = 0
configure:7767: result: yes
configure:7973: checking for objdir
configure:7988: result: .libs
configure:8259: checking if gcc supports -fno-rtti -fno-exceptions
configure:8277: gcc -c -g -O2  -fno-rtti -fno-exceptions conftest.c >&5
configure:8281: $? = 0
configure:8294: result: yes
configure:8621: checking for gcc option to produce PIC
configure:8628: result: -fno-common -DPIC
configure:8636: checking if gcc PIC flag -fno-common -DPIC works
configure:8654: gcc -c -g -O2  -fno-common -DPIC -DPIC conftest.c >&5
configure:8658: $? = 0
configure:8671: result: yes
configure:8700: checking if gcc static flag -static works
configure:8728: result: no
configure:8743: checking if gcc supports -c -o file.o
configure:8764: gcc -c -g -O2  -o out/conftest2.o conftest.c >&5
configure:8768: $? = 0
configure:8790: result: yes
configure:8798: checking if gcc supports -c -o file.o
configure:8845: result: yes
configure:8878: checking whether the gcc linker (/Applications/Xcode.app/Contents/Developer/Toolchains/XcodeDefault.xctoolchain/usr/bin/ld) supports shared libraries
configure:10031: result: yes
configure:10271: checking dynamic linker characteristics
configure:11004: result: darwin14.0.0 dyld
configure:11111: checking how to hardcode library paths into programs
configure:11136: result: immediate
configure:11676: checking whether stripping libraries is possible
configure:11690: result: yes
configure:11716: checking if libtool supports shared libraries
configure:11718: result: yes
configure:11721: checking whether to build shared libraries
configure:11742: result: yes
configure:11745: checking whether to build static libraries
configure:11749: result: yes
configure:11845: checking for g++
configure:11861: found /usr/bin/g++
configure:11872: result: g++
configure:11899: checking for C++ compiler version
configure:11908: g++ --version >&5
Apple LLVM version 6.0 (clang-600.0.54) (based on LLVM 3.5svn)
Target: x86_64-apple-darwin14.0.0
Thread model: posix
Configured with: --prefix=/Applications/Xcode.app/Contents/Developer/usr --with-gxx-include-dir=/Applications/Xcode.app/Contents/Developer/Platforms/MacOSX.platform/Developer/SDKs/MacOSX10.10.sdk/usr/include/c++/4.2.1
configure:11919: $? = 0
configure:11908: g++ -v >&5
Configured with: --prefix=/Applications/Xcode.app/Contents/Developer/usr --with-gxx-include-dir=/Applications/Xcode.app/Contents/Developer/Platforms/MacOSX.platform/Developer/SDKs/MacOSX10.10.sdk/usr/include/c++/4.2.1
Apple LLVM version 6.0 (clang-600.0.54) (based on LLVM 3.5svn)
Target: x86_64-apple-darwin14.0.0
Thread model: posix
configure:11919: $? = 0
configure:11908: g++ -V >&5
clang: error: argument to '-V' is missing (expected 1 value)
clang: error: no input files
configure:11919: $? = 1
configure:11908: g++ -qversion >&5
clang: error: unknown argument: '-qversion'
clang: error: no input files
configure:11919: $? = 1
configure:11923: checking whether we are using the GNU C++ compiler
configure:11942: g++ -c   conftest.cpp >&5
configure:11942: $? = 0
configure:11951: result: yes
configure:11960: checking whether g++ accepts -g
configure:11980: g++ -c -g  conftest.cpp >&5
configure:11980: $? = 0
configure:12021: result: yes
configure:12046: checking dependency style of g++
configure:12157: result: gcc3
configure:12190: checking how to run the C++ preprocessor
configure:12217: g++ -E  conftest.cpp
configure:12217: $? = 0
configure:12231: g++ -E  conftest.cpp
conftest.cpp:23:10: fatal error: 'ac_nonexistent.h' file not found
#include <ac_nonexistent.h>
         ^
1 error generated.
configure:12231: $? = 1
configure: failed program was:
| /* confdefs.h */
| #define PACKAGE_NAME "snappy"
| #define PACKAGE_TARNAME "snappy"
| #define PACKAGE_VERSION "1.1.2"
| #define PACKAGE_STRING "snappy 1.1.2"
| #define PACKAGE_BUGREPORT ""
| #define PACKAGE_URL ""
| #define PACKAGE "snappy"
| #define VERSION "1.1.2"
| #define STDC_HEADERS 1
| #define HAVE_SYS_TYPES_H 1
| #define HAVE_SYS_STAT_H 1
| #define HAVE_STDLIB_H 1
| #define HAVE_STRING_H 1
| #define HAVE_MEMORY_H 1
| #define HAVE_STRINGS_H 1
| #define HAVE_INTTYPES_H 1
| #define HAVE_STDINT_H 1
| #define HAVE_UNISTD_H 1
| #define HAVE_DLFCN_H 1
| #define LT_OBJDIR ".libs/"
| /* end confdefs.h.  */
| #include <ac_nonexistent.h>
configure:12256: result: g++ -E
configure:12276: g++ -E  conftest.cpp
configure:12276: $? = 0
configure:12290: g++ -E  conftest.cpp
conftest.cpp:23:10: fatal error: 'ac_nonexistent.h' file not found
#include <ac_nonexistent.h>
         ^
1 error generated.
configure:12290: $? = 1
configure: failed program was:
| /* confdefs.h */
| #define PACKAGE_NAME "snappy"
| #define PACKAGE_TARNAME "snappy"
| #define PACKAGE_VERSION "1.1.2"
| #define PACKAGE_STRING "snappy 1.1.2"
| #define PACKAGE_BUGREPORT ""
| #define PACKAGE_URL ""
| #define PACKAGE "snappy"
| #define VERSION "1.1.2"
| #define STDC_HEADERS 1
| #define HAVE_SYS_TYPES_H 1
| #define HAVE_SYS_STAT_H 1
| #define HAVE_STDLIB_H 1
| #define HAVE_STRING_H 1
| #define HAVE_MEMORY_H 1
| #define HAVE_STRINGS_H 1
| #define HAVE_INTTYPES_H 1
| #define HAVE_STDINT_H 1
| #define HAVE_UNISTD_H 1
| #define HAVE_DLFCN_H 1
| #define LT_OBJDIR ".libs/"
| /* end confdefs.h.  */
| #include <ac_nonexistent.h>
configure:12459: checking for ld used by g++
configure:12526: result: /Applications/Xcode.app/Contents/Developer/Toolchains/XcodeDefault.xctoolchain/usr/bin/ld
configure:12533: checking if the linker (/Applications/Xcode.app/Contents/Developer/Toolchains/XcodeDefault.xctoolchain/usr/bin/ld) is GNU ld
configure:12548: result: no
configure:12603: checking whether the g++ linker (/Applications/Xcode.app/Contents/Developer/Toolchains/XcodeDefault.xctoolchain/usr/bin/ld) supports shared libraries
configure:13608: result: yes
configure:13644: g++ -c -g -O2  conftest.cpp >&5
configure:13647: $? = 0
configure:14167: checking for g++ option to produce PIC
configure:14174: result: -fno-common -DPIC
configure:14182: checking if g++ PIC flag -fno-common -DPIC works
configure:14200: g++ -c -g -O2  -fno-common -DPIC -DPIC conftest.cpp >&5
configure:14204: $? = 0
configure:14217: result: yes
configure:14240: checking if g++ static flag -static works
configure:14268: result: no
configure:14280: checking if g++ supports -c -o file.o
configure:14301: g++ -c -g -O2  -o out/conftest2.o conftest.cpp >&5
configure:14305: $? = 0
configure:14327: result: yes
configure:14332: checking if g++ supports -c -o file.o
configure:14379: result: yes
configure:14409: checking whether the g++ linker (/Applications/Xcode.app/Contents/Developer/Toolchains/XcodeDefault.xctoolchain/usr/bin/ld) supports shared libraries
configure:14445: result: yes
configure:14586: checking dynamic linker characteristics
configure:15253: result: darwin14.0.0 dyld
configure:15306: checking how to hardcode library paths into programs
configure:15331: result: immediate
configure:15377: checking whether byte ordering is bigendian
configure:15392: g++ -c -g -O2  conftest.cpp >&5
configure:15392: $? = 0
configure:15437: g++ -c -g -O2  conftest.cpp >&5
configure:15437: $? = 0
configure:15455: g++ -c -g -O2  conftest.cpp >&5
conftest.cpp:30:8: error: use of undeclared identifier 'big'
                 not big endian
                     ^
1 error generated.
configure:15455: $? = 1
configure: failed program was:
| /* confdefs.h */
| #define PACKAGE_NAME "snappy"
| #define PACKAGE_TARNAME "snappy"
| #define PACKAGE_VERSION "1.1.2"
| #define PACKAGE_STRING "snappy 1.1.2"
| #define PACKAGE_BUGREPORT ""
| #define PACKAGE_URL ""
| #define PACKAGE "snappy"
| #define VERSION "1.1.2"
| #define STDC_HEADERS 1
| #define HAVE_SYS_TYPES_H 1
| #define HAVE_SYS_STAT_H 1
| #define HAVE_STDLIB_H 1
| #define HAVE_STRING_H 1
| #define HAVE_MEMORY_H 1
| #define HAVE_STRINGS_H 1
| #define HAVE_INTTYPES_H 1
| #define HAVE_STDINT_H 1
| #define HAVE_UNISTD_H 1
| #define HAVE_DLFCN_H 1
| #define LT_OBJDIR ".libs/"
| /* end confdefs.h.  */
| #include <sys/types.h>
| 		#include <sys/param.h>
| 
| int
| main ()
| {
| #if BYTE_ORDER != BIG_ENDIAN
| 		 not big endian
| 		#endif
| 
|   ;
|   return 0;
| }
configure:15583: result: no
configure:15601: checking for size_t
configure:15601: g++ -c -g -O2  conftest.cpp >&5
configure:15601: $? = 0
configure:15601: g++ -c -g -O2  conftest.cpp >&5
conftest.cpp:59:21: error: expected expression
if (sizeof ((size_t)))
                    ^
1 error generated.
configure:15601: $? = 1
configure: failed program was:
| /* confdefs.h */
| #define PACKAGE_NAME "snappy"
| #define PACKAGE_TARNAME "snappy"
| #define PACKAGE_VERSION "1.1.2"
| #define PACKAGE_STRING "snappy 1.1.2"
| #define PACKAGE_BUGREPORT ""
| #define PACKAGE_URL ""
| #define PACKAGE "snappy"
| #define VERSION "1.1.2"
| #define STDC_HEADERS 1
| #define HAVE_SYS_TYPES_H 1
| #define HAVE_SYS_STAT_H 1
| #define HAVE_STDLIB_H 1
| #define HAVE_STRING_H 1
| #define HAVE_MEMORY_H 1
| #define HAVE_STRINGS_H 1
| #define HAVE_INTTYPES_H 1
| #define HAVE_STDINT_H 1
| #define HAVE_UNISTD_H 1
| #define HAVE_DLFCN_H 1
| #define LT_OBJDIR ".libs/"
| /* end confdefs.h.  */
| #include <stdio.h>
| #ifdef HAVE_SYS_TYPES_H
| # include <sys/types.h>
| #endif
| #ifdef HAVE_SYS_STAT_H
| # include <sys/stat.h>
| #endif
| #ifdef STDC_HEADERS
| # include <stdlib.h>
| # include <stddef.h>
| #else
| # ifdef HAVE_STDLIB_H
| #  include <stdlib.h>
| # endif
| #endif
| #ifdef HAVE_STRING_H
| # if !defined STDC_HEADERS && defined HAVE_MEMORY_H
| #  include <memory.h>
| # endif
| # include <string.h>
| #endif
| #ifdef HAVE_STRINGS_H
| # include <strings.h>
| #endif
| #ifdef HAVE_INTTYPES_H
| # include <inttypes.h>
| #endif
| #ifdef HAVE_STDINT_H
| # include <stdint.h>
| #endif
| #ifdef HAVE_UNISTD_H
| # include <unistd.h>
| #endif
| int
| main ()
| {
| if (sizeof ((size_t)))
| 	    return 0;
|   ;
|   return 0;
| }
configure:15601: result: yes
configure:15612: checking for ssize_t
configure:15612: g++ -c -g -O2  conftest.cpp >&5
configure:15612: $? = 0
configure:15612: g++ -c -g -O2  conftest.cpp >&5
conftest.cpp:59:22: error: expected expression
if (sizeof ((ssize_t)))
                     ^
1 error generated.
configure:15612: $? = 1
configure: failed program was:
| /* confdefs.h */
| #define PACKAGE_NAME "snappy"
| #define PACKAGE_TARNAME "snappy"
| #define PACKAGE_VERSION "1.1.2"
| #define PACKAGE_STRING "snappy 1.1.2"
| #define PACKAGE_BUGREPORT ""
| #define PACKAGE_URL ""
| #define PACKAGE "snappy"
| #define VERSION "1.1.2"
| #define STDC_HEADERS 1
| #define HAVE_SYS_TYPES_H 1
| #define HAVE_SYS_STAT_H 1
| #define HAVE_STDLIB_H 1
| #define HAVE_STRING_H 1
| #define HAVE_MEMORY_H 1
| #define HAVE_STRINGS_H 1
| #define HAVE_INTTYPES_H 1
| #define HAVE_STDINT_H 1
| #define HAVE_UNISTD_H 1
| #define HAVE_DLFCN_H 1
| #define LT_OBJDIR ".libs/"
| /* end confdefs.h.  */
| #include <stdio.h>
| #ifdef HAVE_SYS_TYPES_H
| # include <sys/types.h>
| #endif
| #ifdef HAVE_SYS_STAT_H
| # include <sys/stat.h>
| #endif
| #ifdef STDC_HEADERS
| # include <stdlib.h>
| # include <stddef.h>
| #else
| # ifdef HAVE_STDLIB_H
| #  include <stdlib.h>
| # endif
| #endif
| #ifdef HAVE_STRING_H
| # if !defined STDC_HEADERS && defined HAVE_MEMORY_H
| #  include <memory.h>
| # endif
| # include <string.h>
| #endif
| #ifdef HAVE_STRINGS_H
| # include <strings.h>
| #endif
| #ifdef HAVE_INTTYPES_H
| # include <inttypes.h>
| #endif
| #ifdef HAVE_STDINT_H
| # include <stdint.h>
| #endif
| #ifdef HAVE_UNISTD_H
| # include <unistd.h>
| #endif
| int
| main ()
| {
| if (sizeof ((ssize_t)))
| 	    return 0;
|   ;
|   return 0;
| }
configure:15612: result: yes
configure:15627: checking for stdint.h
configure:15627: result: yes
configure:15627: checking stddef.h usability
configure:15627: g++ -c -g -O2  conftest.cpp >&5
configure:15627: $? = 0
configure:15627: result: yes
configure:15627: checking stddef.h presence
configure:15627: g++ -E  conftest.cpp
configure:15627: $? = 0
configure:15627: result: yes
configure:15627: checking for stddef.h
configure:15627: result: yes
configure:15627: checking sys/mman.h usability
configure:15627: g++ -c -g -O2  conftest.cpp >&5
configure:15627: $? = 0
configure:15627: result: yes
configure:15627: checking sys/mman.h presence
configure:15627: g++ -E  conftest.cpp
configure:15627: $? = 0
configure:15627: result: yes
configure:15627: checking for sys/mman.h
configure:15627: result: yes
configure:15627: checking sys/resource.h usability
configure:15627: g++ -c -g -O2  conftest.cpp >&5
configure:15627: $? = 0
configure:15627: result: yes
configure:15627: checking sys/resource.h presence
configure:15627: g++ -E  conftest.cpp
configure:15627: $? = 0
configure:15627: result: yes
configure:15627: checking for sys/resource.h
configure:15627: result: yes
configure:15627: checking windows.h usability
configure:15627: g++ -c -g -O2  conftest.cpp >&5
conftest.cpp:60:10: fatal error: 'windows.h' file not found
#include <windows.h>
         ^
1 error generated.
configure:15627: $? = 1
configure: failed program was:
| /* confdefs.h */
| #define PACKAGE_NAME "snappy"
| #define PACKAGE_TARNAME "snappy"
| #define PACKAGE_VERSION "1.1.2"
| #define PACKAGE_STRING "snappy 1.1.2"
| #define PACKAGE_BUGREPORT ""
| #define PACKAGE_URL ""
| #define PACKAGE "snappy"
| #define VERSION "1.1.2"
| #define STDC_HEADERS 1
| #define HAVE_SYS_TYPES_H 1
| #define HAVE_SYS_STAT_H 1
| #define HAVE_STDLIB_H 1
| #define HAVE_STRING_H 1
| #define HAVE_MEMORY_H 1
| #define HAVE_STRINGS_H 1
| #define HAVE_INTTYPES_H 1
| #define HAVE_STDINT_H 1
| #define HAVE_UNISTD_H 1
| #define HAVE_DLFCN_H 1
| #define LT_OBJDIR ".libs/"
| #define HAVE_STDINT_H 1
| #define HAVE_STDDEF_H 1
| #define HAVE_SYS_MMAN_H 1
| #define HAVE_SYS_RESOURCE_H 1
| /* end confdefs.h.  */
| #include <stdio.h>
| #ifdef HAVE_SYS_TYPES_H
| # include <sys/types.h>
| #endif
| #ifdef HAVE_SYS_STAT_H
| # include <sys/stat.h>
| #endif
| #ifdef STDC_HEADERS
| # include <stdlib.h>
| # include <stddef.h>
| #else
| # ifdef HAVE_STDLIB_H
| #  include <stdlib.h>
| # endif
| #endif
| #ifdef HAVE_STRING_H
| # if !defined STDC_HEADERS && defined HAVE_MEMORY_H
| #  include <memory.h>
| # endif
| # include <string.h>
| #endif
| #ifdef HAVE_STRINGS_H
| # include <strings.h>
| #endif
| #ifdef HAVE_INTTYPES_H
| # include <inttypes.h>
| #endif
| #ifdef HAVE_STDINT_H
| # include <stdint.h>
| #endif
| #ifdef HAVE_UNISTD_H
| # include <unistd.h>
| #endif
| #include <windows.h>
configure:15627: result: no
configure:15627: checking windows.h presence
configure:15627: g++ -E  conftest.cpp
conftest.cpp:27:10: fatal error: 'windows.h' file not found
#include <windows.h>
         ^
1 error generated.
configure:15627: $? = 1
configure: failed program was:
| /* confdefs.h */
| #define PACKAGE_NAME "snappy"
| #define PACKAGE_TARNAME "snappy"
| #define PACKAGE_VERSION "1.1.2"
| #define PACKAGE_STRING "snappy 1.1.2"
| #define PACKAGE_BUGREPORT ""
| #define PACKAGE_URL ""
| #define PACKAGE "snappy"
| #define VERSION "1.1.2"
| #define STDC_HEADERS 1
| #define HAVE_SYS_TYPES_H 1
| #define HAVE_SYS_STAT_H 1
| #define HAVE_STDLIB_H 1
| #define HAVE_STRING_H 1
| #define HAVE_MEMORY_H 1
| #define HAVE_STRINGS_H 1
| #define HAVE_INTTYPES_H 1
| #define HAVE_STDINT_H 1
| #define HAVE_UNISTD_H 1
| #define HAVE_DLFCN_H 1
| #define LT_OBJDIR ".libs/"
| #define HAVE_STDINT_H 1
| #define HAVE_STDDEF_H 1
| #define HAVE_SYS_MMAN_H 1
| #define HAVE_SYS_RESOURCE_H 1
| /* end confdefs.h.  */
| #include <windows.h>
configure:15627: result: no
configure:15627: checking for windows.h
configure:15627: result: no
configure:15627: checking byteswap.h usability
configure:15627: g++ -c -g -O2  conftest.cpp >&5
conftest.cpp:60:10: fatal error: 'byteswap.h' file not found
#include <byteswap.h>
         ^
1 error generated.
configure:15627: $? = 1
configure: failed program was:
| /* confdefs.h */
| #define PACKAGE_NAME "snappy"
| #define PACKAGE_TARNAME "snappy"
| #define PACKAGE_VERSION "1.1.2"
| #define PACKAGE_STRING "snappy 1.1.2"
| #define PACKAGE_BUGREPORT ""
| #define PACKAGE_URL ""
| #define PACKAGE "snappy"
| #define VERSION "1.1.2"
| #define STDC_HEADERS 1
| #define HAVE_SYS_TYPES_H 1
| #define HAVE_SYS_STAT_H 1
| #define HAVE_STDLIB_H 1
| #define HAVE_STRING_H 1
| #define HAVE_MEMORY_H 1
| #define HAVE_STRINGS_H 1
| #define HAVE_INTTYPES_H 1
| #define HAVE_STDINT_H 1
| #define HAVE_UNISTD_H 1
| #define HAVE_DLFCN_H 1
| #define LT_OBJDIR ".libs/"
| #define HAVE_STDINT_H 1
| #define HAVE_STDDEF_H 1
| #define HAVE_SYS_MMAN_H 1
| #define HAVE_SYS_RESOURCE_H 1
| /* end confdefs.h.  */
| #include <stdio.h>
| #ifdef HAVE_SYS_TYPES_H
| # include <sys/types.h>
| #endif
| #ifdef HAVE_SYS_STAT_H
| # include <sys/stat.h>
| #endif
| #ifdef STDC_HEADERS
| # include <stdlib.h>
| # include <stddef.h>
| #else
| # ifdef HAVE_STDLIB_H
| #  include <stdlib.h>
| # endif
| #endif
| #ifdef HAVE_STRING_H
| # if !defined STDC_HEADERS && defined HAVE_MEMORY_H
| #  include <memory.h>
| # endif
| # include <string.h>
| #endif
| #ifdef HAVE_STRINGS_H
| # include <strings.h>
| #endif
| #ifdef HAVE_INTTYPES_H
| # include <inttypes.h>
| #endif
| #ifdef HAVE_STDINT_H
| # include <stdint.h>
| #endif
| #ifdef HAVE_UNISTD_H
| # include <unistd.h>
| #endif
| #include <byteswap.h>
configure:15627: result: no
configure:15627: checking byteswap.h presence
configure:15627: g++ -E  conftest.cpp
conftest.cpp:27:10: fatal error: 'byteswap.h' file not found
#include <byteswap.h>
         ^
1 error generated.
configure:15627: $? = 1
configure: failed program was:
| /* confdefs.h */
| #define PACKAGE_NAME "snappy"
| #define PACKAGE_TARNAME "snappy"
| #define PACKAGE_VERSION "1.1.2"
| #define PACKAGE_STRING "snappy 1.1.2"
| #define PACKAGE_BUGREPORT ""
| #define PACKAGE_URL ""
| #define PACKAGE "snappy"
| #define VERSION "1.1.2"
| #define STDC_HEADERS 1
| #define HAVE_SYS_TYPES_H 1
| #define HAVE_SYS_STAT_H 1
| #define HAVE_STDLIB_H 1
| #define HAVE_STRING_H 1
| #define HAVE_MEMORY_H 1
| #define HAVE_STRINGS_H 1
| #define HAVE_INTTYPES_H 1
| #define HAVE_STDINT_H 1
| #define HAVE_UNISTD_H 1
| #define HAVE_DLFCN_H 1
| #define LT_OBJDIR ".libs/"
| #define HAVE_STDINT_H 1
| #define HAVE_STDDEF_H 1
| #define HAVE_SYS_MMAN_H 1
| #define HAVE_SYS_RESOURCE_H 1
| /* end confdefs.h.  */
| #include <byteswap.h>
configure:15627: result: no
configure:15627: checking for byteswap.h
configure:15627: result: no
configure:15627: checking sys/byteswap.h usability
configure:15627: g++ -c -g -O2  conftest.cpp >&5
conftest.cpp:60:10: fatal error: 'sys/byteswap.h' file not found
#include <sys/byteswap.h>
         ^
1 error generated.
configure:15627: $? = 1
configure: failed program was:
| /* confdefs.h */
| #define PACKAGE_NAME "snappy"
| #define PACKAGE_TARNAME "snappy"
| #define PACKAGE_VERSION "1.1.2"
| #define PACKAGE_STRING "snappy 1.1.2"
| #define PACKAGE_BUGREPORT ""
| #define PACKAGE_URL ""
| #define PACKAGE "snappy"
| #define VERSION "1.1.2"
| #define STDC_HEADERS 1
| #define HAVE_SYS_TYPES_H 1
| #define HAVE_SYS_STAT_H 1
| #define HAVE_STDLIB_H 1
| #define HAVE_STRING_H 1
| #define HAVE_MEMORY_H 1
| #define HAVE_STRINGS_H 1
| #define HAVE_INTTYPES_H 1
| #define HAVE_STDINT_H 1
| #define HAVE_UNISTD_H 1
| #define HAVE_DLFCN_H 1
| #define LT_OBJDIR ".libs/"
| #define HAVE_STDINT_H 1
| #define HAVE_STDDEF_H 1
| #define HAVE_SYS_MMAN_H 1
| #define HAVE_SYS_RESOURCE_H 1
| /* end confdefs.h.  */
| #include <stdio.h>
| #ifdef HAVE_SYS_TYPES_H
| # include <sys/types.h>
| #endif
| #ifdef HAVE_SYS_STAT_H
| # include <sys/stat.h>
| #endif
| #ifdef STDC_HEADERS
| # include <stdlib.h>
| # include <stddef.h>
| #else
| # ifdef HAVE_STDLIB_H
| #  include <stdlib.h>
| # endif
| #endif
| #ifdef HAVE_STRING_H
| # if !defined STDC_HEADERS && defined HAVE_MEMORY_H
| #  include <memory.h>
| # endif
| # include <string.h>
| #endif
| #ifdef HAVE_STRINGS_H
| # include <strings.h>
| #endif
| #ifdef HAVE_INTTYPES_H
| # include <inttypes.h>
| #endif
| #ifdef HAVE_STDINT_H
| # include <stdint.h>
| #endif
| #ifdef HAVE_UNISTD_H
| # include <unistd.h>
| #endif
| #include <sys/byteswap.h>
configure:15627: result: no
configure:15627: checking sys/byteswap.h presence
configure:15627: g++ -E  conftest.cpp
conftest.cpp:27:10: fatal error: 'sys/byteswap.h' file not found
#include <sys/byteswap.h>
         ^
1 error generated.
configure:15627: $? = 1
configure: failed program was:
| /* confdefs.h */
| #define PACKAGE_NAME "snappy"
| #define PACKAGE_TARNAME "snappy"
| #define PACKAGE_VERSION "1.1.2"
| #define PACKAGE_STRING "snappy 1.1.2"
| #define PACKAGE_BUGREPORT ""
| #define PACKAGE_URL ""
| #define PACKAGE "snappy"
| #define VERSION "1.1.2"
| #define STDC_HEADERS 1
| #define HAVE_SYS_TYPES_H 1
| #define HAVE_SYS_STAT_H 1
| #define HAVE_STDLIB_H 1
| #define HAVE_STRING_H 1
| #define HAVE_MEMORY_H 1
| #define HAVE_STRINGS_H 1
| #define HAVE_INTTYPES_H 1
| #define HAVE_STDINT_H 1
| #define HAVE_UNISTD_H 1
| #define HAVE_DLFCN_H 1
| #define LT_OBJDIR ".libs/"
| #define HAVE_STDINT_H 1
| #define HAVE_STDDEF_H 1
| #define HAVE_SYS_MMAN_H 1
| #define HAVE_SYS_RESOURCE_H 1
| /* end confdefs.h.  */
| #include <sys/byteswap.h>
configure:15627: result: no
configure:15627: checking for sys/byteswap.h
configure:15627: result: no
configure:15627: checking sys/endian.h usability
configure:15627: g++ -c -g -O2  conftest.cpp >&5
conftest.cpp:60:10: fatal error: 'sys/endian.h' file not found
#include <sys/endian.h>
         ^
1 error generated.
configure:15627: $? = 1
configure: failed program was:
| /* confdefs.h */
| #define PACKAGE_NAME "snappy"
| #define PACKAGE_TARNAME "snappy"
| #define PACKAGE_VERSION "1.1.2"
| #define PACKAGE_STRING "snappy 1.1.2"
| #define PACKAGE_BUGREPORT ""
| #define PACKAGE_URL ""
| #define PACKAGE "snappy"
| #define VERSION "1.1.2"
| #define STDC_HEADERS 1
| #define HAVE_SYS_TYPES_H 1
| #define HAVE_SYS_STAT_H 1
| #define HAVE_STDLIB_H 1
| #define HAVE_STRING_H 1
| #define HAVE_MEMORY_H 1
| #define HAVE_STRINGS_H 1
| #define HAVE_INTTYPES_H 1
| #define HAVE_STDINT_H 1
| #define HAVE_UNISTD_H 1
| #define HAVE_DLFCN_H 1
| #define LT_OBJDIR ".libs/"
| #define HAVE_STDINT_H 1
| #define HAVE_STDDEF_H 1
| #define HAVE_SYS_MMAN_H 1
| #define HAVE_SYS_RESOURCE_H 1
| /* end confdefs.h.  */
| #include <stdio.h>
| #ifdef HAVE_SYS_TYPES_H
| # include <sys/types.h>
| #endif
| #ifdef HAVE_SYS_STAT_H
| # include <sys/stat.h>
| #endif
| #ifdef STDC_HEADERS
| # include <stdlib.h>
| # include <stddef.h>
| #else
| # ifdef HAVE_STDLIB_H
| #  include <stdlib.h>
| # endif
| #endif
| #ifdef HAVE_STRING_H
| # if !defined STDC_HEADERS && defined HAVE_MEMORY_H
| #  include <memory.h>
| # endif
| # include <string.h>
| #endif
| #ifdef HAVE_STRINGS_H
| # include <strings.h>
| #endif
| #ifdef HAVE_INTTYPES_H
| # include <inttypes.h>
| #endif
| #ifdef HAVE_STDINT_H
| # include <stdint.h>
| #endif
| #ifdef HAVE_UNISTD_H
| # include <unistd.h>
| #endif
| #include <sys/endian.h>
configure:15627: result: no
configure:15627: checking sys/endian.h presence
configure:15627: g++ -E  conftest.cpp
conftest.cpp:27:10: fatal error: 'sys/endian.h' file not found
#include <sys/endian.h>
         ^
1 error generated.
configure:15627: $? = 1
configure: failed program was:
| /* confdefs.h */
| #define PACKAGE_NAME "snappy"
| #define PACKAGE_TARNAME "snappy"
| #define PACKAGE_VERSION "1.1.2"
| #define PACKAGE_STRING "snappy 1.1.2"
| #define PACKAGE_BUGREPORT ""
| #define PACKAGE_URL ""
| #define PACKAGE "snappy"
| #define VERSION "1.1.2"
| #define STDC_HEADERS 1
| #define HAVE_SYS_TYPES_H 1
| #define HAVE_SYS_STAT_H 1
| #define HAVE_STDLIB_H 1
| #define HAVE_STRING_H 1
| #define HAVE_MEMORY_H 1
| #define HAVE_STRINGS_H 1
| #define HAVE_INTTYPES_H 1
| #define HAVE_STDINT_H 1
| #define HAVE_UNISTD_H 1
| #define HAVE_DLFCN_H 1
| #define LT_OBJDIR ".libs/"
| #define HAVE_STDINT_H 1
| #define HAVE_STDDEF_H 1
| #define HAVE_SYS_MMAN_H 1
| #define HAVE_SYS_RESOURCE_H 1
| /* end confdefs.h.  */
| #include <sys/endian.h>
configure:15627: result: no
configure:15627: checking for sys/endian.h
configure:15627: result: no
configure:15627: checking sys/time.h usability
configure:15627: g++ -c -g -O2  conftest.cpp >&5
configure:15627: $? = 0
configure:15627: result: yes
configure:15627: checking sys/time.h presence
configure:15627: g++ -E  conftest.cpp
configure:15627: $? = 0
configure:15627: result: yes
configure:15627: checking for sys/time.h
configure:15627: result: yes
configure:15640: checking for mmap
configure:15640: g++ -o conftest -g -O2  -L/usr/local/lib conftest.cpp  >&5
configure:15640: $? = 0
configure:15640: result: yes
configure:15662: checking for 'gtest-config'
configure:15683: checking for gtest-config
configure:15716: result: no
configure:15737: result: no
configure:15836: checking for pkg-config
configure:15854: found /usr/local/bin/pkg-config
configure:15866: result: /usr/local/bin/pkg-config
configure:15891: checking pkg-config is at least version 0.9.0
configure:15894: result: yes
configure:15904: checking for gflags
configure:15911: $PKG_CONFIG --exists --print-errors "libgflags"
configure:15914: $? = 0
configure:15928: $PKG_CONFIG --exists --print-errors "libgflags"
configure:15931: $? = 0
configure:15979: result: yes
configure:15989: checking if the compiler supports __builtin_expect
configure:16005: g++ -c -g -O2  conftest.cpp >&5
configure:16005: $? = 0
configure:16008: result: yes
configure:16027: checking if the compiler supports __builtin_ctzll
configure:16043: g++ -c -g -O2  conftest.cpp >&5
configure:16043: $? = 0
configure:16046: result: yes
configure:16069: checking for zlibVersion in -lz
configure:16094: g++ -o conftest -g -O2  -L/usr/local/lib conftest.cpp -lz   >&5
configure:16094: $? = 0
configure:16103: result: yes
configure:16121: checking for lzo1x_1_15_compress in -llzo2
configure:16146: g++ -o conftest -g -O2  -L/usr/local/lib conftest.cpp -llzo2   >&5
configure:16146: $? = 0
configure:16155: result: yes
configure:16173: checking for lzf_compress in -llzf
configure:16198: g++ -o conftest -g -O2  -L/usr/local/lib conftest.cpp -llzf   >&5
ld: library not found for -llzf
clang: error: linker command failed with exit code 1 (use -v to see invocation)
configure:16198: $? = 1
configure: failed program was:
| /* confdefs.h */
| #define PACKAGE_NAME "snappy"
| #define PACKAGE_TARNAME "snappy"
| #define PACKAGE_VERSION "1.1.2"
| #define PACKAGE_STRING "snappy 1.1.2"
| #define PACKAGE_BUGREPORT ""
| #define PACKAGE_URL ""
| #define PACKAGE "snappy"
| #define VERSION "1.1.2"
| #define STDC_HEADERS 1
| #define HAVE_SYS_TYPES_H 1
| #define HAVE_SYS_STAT_H 1
| #define HAVE_STDLIB_H 1
| #define HAVE_STRING_H 1
| #define HAVE_MEMORY_H 1
| #define HAVE_STRINGS_H 1
| #define HAVE_INTTYPES_H 1
| #define HAVE_STDINT_H 1
| #define HAVE_UNISTD_H 1
| #define HAVE_DLFCN_H 1
| #define LT_OBJDIR ".libs/"
| #define HAVE_STDINT_H 1
| #define HAVE_STDDEF_H 1
| #define HAVE_SYS_MMAN_H 1
| #define HAVE_SYS_RESOURCE_H 1
| #define HAVE_SYS_TIME_H 1
| #define HAVE_GFLAGS 1
| #define HAVE_BUILTIN_EXPECT 1
| #define HAVE_BUILTIN_CTZ 1
| #define HAVE_LIBZ 1
| #define HAVE_LIBLZO2 1
| /* end confdefs.h.  */
| 
| /* Override any GCC internal prototype to avoid an error.
|    Use char because int might match the return type of a GCC
|    builtin and then its argument prototype would still apply.  */
| #ifdef __cplusplus
| extern "C"
| #endif
| char lzf_compress ();
| int
| main ()
| {
| return lzf_compress ();
|   ;
|   return 0;
| }
configure:16207: result: no
configure:16225: checking for fastlz_compress in -lfastlz
configure:16250: g++ -o conftest -g -O2  -L/usr/local/lib conftest.cpp -lfastlz   >&5
ld: library not found for -lfastlz
clang: error: linker command failed with exit code 1 (use -v to see invocation)
configure:16250: $? = 1
configure: failed program was:
| /* confdefs.h */
| #define PACKAGE_NAME "snappy"
| #define PACKAGE_TARNAME "snappy"
| #define PACKAGE_VERSION "1.1.2"
| #define PACKAGE_STRING "snappy 1.1.2"
| #define PACKAGE_BUGREPORT ""
| #define PACKAGE_URL ""
| #define PACKAGE "snappy"
| #define VERSION "1.1.2"
| #define STDC_HEADERS 1
| #define HAVE_SYS_TYPES_H 1
| #define HAVE_SYS_STAT_H 1
| #define HAVE_STDLIB_H 1
| #define HAVE_STRING_H 1
| #define HAVE_MEMORY_H 1
| #define HAVE_STRINGS_H 1
| #define HAVE_INTTYPES_H 1
| #define HAVE_STDINT_H 1
| #define HAVE_UNISTD_H 1
| #define HAVE_DLFCN_H 1
| #define LT_OBJDIR ".libs/"
| #define HAVE_STDINT_H 1
| #define HAVE_STDDEF_H 1
| #define HAVE_SYS_MMAN_H 1
| #define HAVE_SYS_RESOURCE_H 1
| #define HAVE_SYS_TIME_H 1
| #define HAVE_GFLAGS 1
| #define HAVE_BUILTIN_EXPECT 1
| #define HAVE_BUILTIN_CTZ 1
| #define HAVE_LIBZ 1
| #define HAVE_LIBLZO2 1
| /* end confdefs.h.  */
| 
| /* Override any GCC internal prototype to avoid an error.
|    Use char because int might match the return type of a GCC
|    builtin and then its argument prototype would still apply.  */
| #ifdef __cplusplus
| extern "C"
| #endif
| char fastlz_compress ();
| int
| main ()
| {
| return fastlz_compress ();
|   ;
|   return 0;
| }
configure:16259: result: no
configure:16277: checking for qlz_compress in -lquicklz
configure:16302: g++ -o conftest -g -O2  -L/usr/local/lib conftest.cpp -lquicklz   >&5
ld: library not found for -lquicklz
clang: error: linker command failed with exit code 1 (use -v to see invocation)
configure:16302: $? = 1
configure: failed program was:
| /* confdefs.h */
| #define PACKAGE_NAME "snappy"
| #define PACKAGE_TARNAME "snappy"
| #define PACKAGE_VERSION "1.1.2"
| #define PACKAGE_STRING "snappy 1.1.2"
| #define PACKAGE_BUGREPORT ""
| #define PACKAGE_URL ""
| #define PACKAGE "snappy"
| #define VERSION "1.1.2"
| #define STDC_HEADERS 1
| #define HAVE_SYS_TYPES_H 1
| #define HAVE_SYS_STAT_H 1
| #define HAVE_STDLIB_H 1
| #define HAVE_STRING_H 1
| #define HAVE_MEMORY_H 1
| #define HAVE_STRINGS_H 1
| #define HAVE_INTTYPES_H 1
| #define HAVE_STDINT_H 1
| #define HAVE_UNISTD_H 1
| #define HAVE_DLFCN_H 1
| #define LT_OBJDIR ".libs/"
| #define HAVE_STDINT_H 1
| #define HAVE_STDDEF_H 1
| #define HAVE_SYS_MMAN_H 1
| #define HAVE_SYS_RESOURCE_H 1
| #define HAVE_SYS_TIME_H 1
| #define HAVE_GFLAGS 1
| #define HAVE_BUILTIN_EXPECT 1
| #define HAVE_BUILTIN_CTZ 1
| #define HAVE_LIBZ 1
| #define HAVE_LIBLZO2 1
| /* end confdefs.h.  */
| 
| /* Override any GCC internal prototype to avoid an error.
|    Use char because int might match the return type of a GCC
|    builtin and then its argument prototype would still apply.  */
| #ifdef __cplusplus
| extern "C"
| #endif
| char qlz_compress ();
| int
| main ()
| {
| return qlz_compress ();
|   ;
|   return 0;
| }
configure:16311: result: no
configure:16476: checking that generated files are newer than configure
configure:16482: result: done
configure:16514: creating ./config.status

## ---------------------- ##
## Running config.status. ##
## ---------------------- ##

This file was extended by snappy config.status 1.1.2, which was
generated by GNU Autoconf 2.69.  Invocation command line was

  CONFIG_FILES    = 
  CONFIG_HEADERS  = 
  CONFIG_LINKS    = 
  CONFIG_COMMANDS = 
  $ ./config.status 

on Unknown.local

config.status:1174: creating Makefile
config.status:1174: creating snappy-stubs-public.h
config.status:1174: creating config.h
config.status:1403: executing depfiles commands
config.status:1403: executing libtool commands

## ---------------- ##
## Cache variables. ##
## ---------------- ##

ac_cv_build=x86_64-apple-darwin14.0.0
ac_cv_c_bigendian=no
ac_cv_c_compiler_gnu=yes
ac_cv_cxx_compiler_gnu=yes
ac_cv_env_CCC_set=
ac_cv_env_CCC_value=
ac_cv_env_CC_set=
ac_cv_env_CC_value=
ac_cv_env_CFLAGS_set=
ac_cv_env_CFLAGS_value=
ac_cv_env_CPPFLAGS_set=
ac_cv_env_CPPFLAGS_value=
ac_cv_env_CPP_set=
ac_cv_env_CPP_value=
ac_cv_env_CXXCPP_set=
ac_cv_env_CXXCPP_value=
ac_cv_env_CXXFLAGS_set=
ac_cv_env_CXXFLAGS_value=
ac_cv_env_CXX_set=
ac_cv_env_CXX_value=
ac_cv_env_GTEST_CONFIG_set=
ac_cv_env_GTEST_CONFIG_value=
ac_cv_env_GTEST_CPPFLAGS_set=
ac_cv_env_GTEST_CPPFLAGS_value=
ac_cv_env_GTEST_CXXFLAGS_set=
ac_cv_env_GTEST_CXXFLAGS_value=
ac_cv_env_GTEST_LDFLAGS_set=
ac_cv_env_GTEST_LDFLAGS_value=
ac_cv_env_GTEST_LIBS_set=
ac_cv_env_GTEST_LIBS_value=
ac_cv_env_GTEST_VERSION_set=
ac_cv_env_GTEST_VERSION_value=
ac_cv_env_LDFLAGS_set=set
ac_cv_env_LDFLAGS_value=-L/usr/local/lib
ac_cv_env_LIBS_set=
ac_cv_env_LIBS_value=
ac_cv_env_PKG_CONFIG_LIBDIR_set=
ac_cv_env_PKG_CONFIG_LIBDIR_value=
ac_cv_env_PKG_CONFIG_PATH_set=
ac_cv_env_PKG_CONFIG_PATH_value=
ac_cv_env_PKG_CONFIG_set=
ac_cv_env_PKG_CONFIG_value=
ac_cv_env_build_alias_set=
ac_cv_env_build_alias_value=
ac_cv_env_gflags_CFLAGS_set=
ac_cv_env_gflags_CFLAGS_value=
ac_cv_env_gflags_LIBS_set=
ac_cv_env_gflags_LIBS_value=
ac_cv_env_host_alias_set=
ac_cv_env_host_alias_value=
ac_cv_env_target_alias_set=
ac_cv_env_target_alias_value=
ac_cv_func_mmap=yes
ac_cv_have_stddef_h=1
ac_cv_have_stdint_h=1
ac_cv_have_sys_uio_h=0
ac_cv_header_byteswap_h=no
ac_cv_header_dlfcn_h=yes
ac_cv_header_inttypes_h=yes
ac_cv_header_memory_h=yes
ac_cv_header_stdc=yes
ac_cv_header_stddef_h=yes
ac_cv_header_stdint_h=yes
ac_cv_header_stdlib_h=yes
ac_cv_header_string_h=yes
ac_cv_header_strings_h=yes
ac_cv_header_sys_byteswap_h=no
ac_cv_header_sys_endian_h=no
ac_cv_header_sys_mman_h=yes
ac_cv_header_sys_resource_h=yes
ac_cv_header_sys_stat_h=yes
ac_cv_header_sys_time_h=yes
ac_cv_header_sys_types_h=yes
ac_cv_header_unistd_h=yes
ac_cv_header_windows_h=no
ac_cv_host=x86_64-apple-darwin14.0.0
ac_cv_lib_fastlz_fastlz_compress=no
ac_cv_lib_lzf_lzf_compress=no
ac_cv_lib_lzo2_lzo1x_1_15_compress=yes
ac_cv_lib_quicklz_qlz_compress=no
ac_cv_lib_z_zlibVersion=yes
ac_cv_objext=o
ac_cv_path_EGREP='/usr/bin/grep -E'
ac_cv_path_FGREP='/usr/bin/grep -F'
ac_cv_path_GREP=/usr/bin/grep
ac_cv_path_SED=/usr/bin/sed
ac_cv_path_ac_pt_PKG_CONFIG=/usr/local/bin/pkg-config
ac_cv_path_install='/usr/bin/install -c'
ac_cv_prog_AWK=awk
ac_cv_prog_CPP='gcc -E'
ac_cv_prog_CXXCPP='g++ -E'
ac_cv_prog_ac_ct_AR=ar
ac_cv_prog_ac_ct_CC=gcc
ac_cv_prog_ac_ct_CXX=g++
ac_cv_prog_ac_ct_DSYMUTIL=dsymutil
ac_cv_prog_ac_ct_LIPO=lipo
ac_cv_prog_ac_ct_NMEDIT=nmedit
ac_cv_prog_ac_ct_OTOOL=otool
ac_cv_prog_ac_ct_RANLIB=ranlib
ac_cv_prog_ac_ct_STRIP=strip
ac_cv_prog_cc_c89=
ac_cv_prog_cc_g=yes
ac_cv_prog_cxx_g=yes
ac_cv_prog_make_make_set=yes
ac_cv_type_size_t=yes
ac_cv_type_ssize_t=yes
am_cv_CC_dependencies_compiler_type=gcc3
am_cv_CXX_dependencies_compiler_type=gcc3
am_cv_make_support_nested_variables=yes
am_cv_prog_cc_c_o=yes
lt_cv_apple_cc_single_mod=yes
lt_cv_ar_at_file=no
lt_cv_deplibs_check_method=pass_all
lt_cv_file_magic_cmd='$MAGIC_CMD'
lt_cv_file_magic_test_file=
lt_cv_ld_exported_symbols_list=yes
lt_cv_ld_force_load=yes
lt_cv_ld_reload_flag=-r
lt_cv_nm_interface='BSD nm'
lt_cv_objdir=.libs
lt_cv_path_LD=/Applications/Xcode.app/Contents/Developer/Toolchains/XcodeDefault.xctoolchain/usr/bin/ld
lt_cv_path_LDCXX=/Applications/Xcode.app/Contents/Developer/Toolchains/XcodeDefault.xctoolchain/usr/bin/ld
lt_cv_path_NM=/usr/bin/nm
lt_cv_path_mainfest_tool=no
lt_cv_prog_compiler_c_o=yes
lt_cv_prog_compiler_c_o_CXX=yes
lt_cv_prog_compiler_pic='-fno-common -DPIC'
lt_cv_prog_compiler_pic_CXX='-fno-common -DPIC'
lt_cv_prog_compiler_pic_works=yes
lt_cv_prog_compiler_pic_works_CXX=yes
lt_cv_prog_compiler_rtti_exceptions=yes
lt_cv_prog_compiler_static_works=no
lt_cv_prog_compiler_static_works_CXX=no
lt_cv_prog_gnu_ld=no
lt_cv_prog_gnu_ldcxx=no
lt_cv_sharedlib_from_linklib_cmd='printf %s\n'
lt_cv_sys_global_symbol_pipe='sed -n -e '\''s/^.*[	 ]\([BCDEGRST][BCDEGRST]*\)[	 ][	 ]*_\([_A-Za-z][_A-Za-z0-9]*\)$/\1 _\2 \2/p'\'' | sed '\''/ __gnu_lto/d'\'''
lt_cv_sys_global_symbol_to_c_name_address='sed -n -e '\''s/^: \([^ ]*\)[ ]*$/  {\"\1\", (void *) 0},/p'\'' -e '\''s/^[BCDEGRST]* \([^ ]*\) \([^ ]*\)$/  {"\2", (void *) \&\2},/p'\'''
lt_cv_sys_global_symbol_to_c_name_address_lib_prefix='sed -n -e '\''s/^: \([^ ]*\)[ ]*$/  {\"\1\", (void *) 0},/p'\'' -e '\''s/^[BCDEGRST]* \([^ ]*\) \(lib[^ ]*\)$/  {"\2", (void *) \&\2},/p'\'' -e '\''s/^[BCDEGRST]* \([^ ]*\) \([^ ]*\)$/  {"lib\2", (void *) \&\2},/p'\'''
lt_cv_sys_global_symbol_to_cdecl='sed -n -e '\''s/^T .* \(.*\)$/extern int \1();/p'\'' -e '\''s/^[BCDEGRST]* .* \(.*\)$/extern char \1;/p'\'''
lt_cv_sys_max_cmd_len=196608
lt_cv_to_host_file_cmd=func_convert_file_noop
lt_cv_to_tool_file_cmd=func_convert_file_noop
pkg_cv_gflags_CFLAGS='-I/Volumes/MacintoshHD/usr/local/Cellar/gflags/2.0/include '
pkg_cv_gflags_LIBS='-L/Volumes/MacintoshHD/usr/local/Cellar/gflags/2.0/lib -lgflags '

## ----------------- ##
## Output variables. ##
## ----------------- ##

ACLOCAL='${SHELL} /Volumes/MacintoshHD/Users/riceball/trac/framework/leveldown/deps/snappy/snappy-1.1.2/missing aclocal-1.14'
AMDEPBACKSLASH='\'
AMDEP_FALSE='#'
AMDEP_TRUE=''
AMTAR='$${TAR-tar}'
AM_BACKSLASH='\'
AM_DEFAULT_V='$(AM_DEFAULT_VERBOSITY)'
AM_DEFAULT_VERBOSITY='1'
AM_V='$(V)'
AR='ar'
AUTOCONF='${SHELL} /Volumes/MacintoshHD/Users/riceball/trac/framework/leveldown/deps/snappy/snappy-1.1.2/missing autoconf'
AUTOHEADER='${SHELL} /Volumes/MacintoshHD/Users/riceball/trac/framework/leveldown/deps/snappy/snappy-1.1.2/missing autoheader'
AUTOMAKE='${SHELL} /Volumes/MacintoshHD/Users/riceball/trac/framework/leveldown/deps/snappy/snappy-1.1.2/missing automake-1.14'
AWK='awk'
CC='gcc'
CCDEPMODE='depmode=gcc3'
CFLAGS='-g -O2'
CPP='gcc -E'
CPPFLAGS=''
CXX='g++'
CXXCPP='g++ -E'
CXXDEPMODE='depmode=gcc3'
CXXFLAGS='-g -O2'
CYGPATH_W='echo'
DEFS='-DHAVE_CONFIG_H'
DEPDIR='.deps'
DLLTOOL='false'
DSYMUTIL='dsymutil'
DUMPBIN=''
ECHO_C='\c'
ECHO_N=''
ECHO_T=''
EGREP='/usr/bin/grep -E'
EXEEXT=''
FGREP='/usr/bin/grep -F'
GREP='/usr/bin/grep'
GTEST_CONFIG=''
GTEST_CPPFLAGS=''
GTEST_CXXFLAGS=''
GTEST_LDFLAGS=''
GTEST_LIBS=''
GTEST_VERSION=''
HAVE_GTEST='no'
HAVE_GTEST_FALSE=''
HAVE_GTEST_TRUE='#'
INSTALL_DATA='${INSTALL} -m 644'
INSTALL_PROGRAM='${INSTALL}'
INSTALL_SCRIPT='${INSTALL}'
INSTALL_STRIP_PROGRAM='$(install_sh) -c -s'
LD='/Applications/Xcode.app/Contents/Developer/Toolchains/XcodeDefault.xctoolchain/usr/bin/ld'
LDFLAGS='-L/usr/local/lib'
LIBOBJS=''
LIBS=''
LIBTOOL='$(SHELL) $(top_builddir)/libtool'
LIBTOOL_DEPS='./ltmain.sh'
LIPO='lipo'
LN_S='ln -s'
LTLIBOBJS=''
MAKEINFO='${SHELL} /Volumes/MacintoshHD/Users/riceball/trac/framework/leveldown/deps/snappy/snappy-1.1.2/missing makeinfo'
MANIFEST_TOOL=':'
MKDIR_P='./install-sh -c -d'
NM='/usr/bin/nm'
NMEDIT='nmedit'
OBJDUMP='false'
OBJEXT='o'
OTOOL64=':'
OTOOL='otool'
PACKAGE='snappy'
PACKAGE_BUGREPORT=''
PACKAGE_NAME='snappy'
PACKAGE_STRING='snappy 1.1.2'
PACKAGE_TARNAME='snappy'
PACKAGE_URL=''
PACKAGE_VERSION='1.1.2'
PATH_SEPARATOR=':'
PKG_CONFIG='/usr/local/bin/pkg-config'
PKG_CONFIG_LIBDIR=''
PKG_CONFIG_PATH=''
RANLIB='ranlib'
SED='/usr/bin/sed'
SET_MAKE=''
SHELL='/bin/sh'
SNAPPY_LTVERSION='3:1:2'
SNAPPY_MAJOR='1'
SNAPPY_MINOR='1'
SNAPPY_PATCHLEVEL='2'
STRIP='strip'
UNITTEST_LIBS='-llzo2 -lz '
VERSION='1.1.2'
ac_ct_AR='ar'
ac_ct_CC='gcc'
ac_ct_CXX='g++'
ac_ct_DUMPBIN=''
ac_cv_have_stddef_h='1'
ac_cv_have_stdint_h='1'
ac_cv_have_sys_uio_h='0'
am__EXEEXT_FALSE=''
am__EXEEXT_TRUE='#'
am__fastdepCC_FALSE='#'
am__fastdepCC_TRUE=''
am__fastdepCXX_FALSE='#'
am__fastdepCXX_TRUE=''
am__include='include'
am__isrc=''
am__leading_dot='.'
am__nodep='_no'
am__quote=''
am__tar='$${TAR-tar} chof - "$$tardir"'
am__untar='$${TAR-tar} xf -'
bindir='${exec_prefix}/bin'
build='x86_64-apple-darwin14.0.0'
build_alias=''
build_cpu='x86_64'
build_os='darwin14.0.0'
build_vendor='apple'
datadir='${datarootdir}'
datarootdir='${prefix}/share'
docdir='${datarootdir}/doc/${PACKAGE_TARNAME}'
dvidir='${docdir}'
exec_prefix='${prefix}'
gflags_CFLAGS='-I/Volumes/MacintoshHD/usr/local/Cellar/gflags/2.0/include '
gflags_LIBS='-L/Volumes/MacintoshHD/usr/local/Cellar/gflags/2.0/lib -lgflags '
host='x86_64-apple-darwin14.0.0'
host_alias=''
host_cpu='x86_64'
host_os='darwin14.0.0'
host_vendor='apple'
htmldir='${docdir}'
includedir='${prefix}/include'
infodir='${datarootdir}/info'
install_sh='${SHELL} /Volumes/MacintoshHD/Users/riceball/trac/framework/leveldown/deps/snappy/snappy-1.1.2/install-sh'
libdir='${exec_prefix}/lib'
libexecdir='${exec_prefix}/libexec'
localedir='${datarootdir}/locale'
localstatedir='${prefix}/var'
mandir='${datarootdir}/man'
mkdir_p='$(MKDIR_P)'
oldincludedir='/usr/include'
pdfdir='${docdir}'
prefix='/usr/local'
program_transform_name='s,x,x,'
psdir='${docdir}'
sbindir='${exec_prefix}/sbin'
sharedstatedir='${prefix}/com'
sysconfdir='${prefix}/etc'
target_alias=''

## ----------- ##
## confdefs.h. ##
## ----------- ##

/* confdefs.h */
#define PACKAGE_NAME "snappy"
#define PACKAGE_TARNAME "snappy"
#define PACKAGE_VERSION "1.1.2"
#define PACKAGE_STRING "snappy 1.1.2"
#define PACKAGE_BUGREPORT ""
#define PACKAGE_URL ""
#define PACKAGE "snappy"
#define VERSION "1.1.2"
#define STDC_HEADERS 1
#define HAVE_SYS_TYPES_H 1
#define HAVE_SYS_STAT_H 1
#define HAVE_STDLIB_H 1
#define HAVE_STRING_H 1
#define HAVE_MEMORY_H 1
#define HAVE_STRINGS_H 1
#define HAVE_INTTYPES_H 1
#define HAVE_STDINT_H 1
#define HAVE_UNISTD_H 1
#define HAVE_DLFCN_H 1
#define LT_OBJDIR ".libs/"
#define HAVE_STDINT_H 1
#define HAVE_STDDEF_H 1
#define HAVE_SYS_MMAN_H 1
#define HAVE_SYS_RESOURCE_H 1
#define HAVE_SYS_TIME_H 1
#define HAVE_GFLAGS 1
#define HAVE_BUILTIN_EXPECT 1
#define HAVE_BUILTIN_CTZ 1
#define HAVE_LIBZ 1
#define HAVE_LIBLZO2 1

configure: exit 0
